<?xml version="1.0" encoding="UTF-8"?>
<!-- Generated by org.testng.reporters.JUnitReportReporter -->
<testsuite hostname="keshav-kashyap" name="com.yourcompany.Tests.SampleTest" tests="4" failures="0" timestamp="14 Jul 2017 20:20:39 GMT" time="1491.884" errors="0">
  <testcase name="verifyCommentInputTest" time="350.985" classname="com.yourcompany.Tests.SampleTest"/>
  <testcase name="verifyCommentInputTest" time="364.529" classname="com.yourcompany.Tests.SampleTest"/>
  <testcase name="verifyCommentInputTest" time="387.596" classname="com.yourcompany.Tests.SampleTest"/>
  <testcase name="verifyCommentInputTest" time="388.774" classname="com.yourcompany.Tests.SampleTest"/>
</testsuite> <!-- com.yourcompany.Tests.SampleTest -->
