<?xml version="1.0" encoding="UTF-8"?>
<!-- Generated by org.testng.reporters.JUnitReportReporter -->
<testsuite hostname="keshav-kashyap" name="com.yourcompany.Tests.FollowLinkTest" tests="6" failures="0" timestamp="13 Jul 2017 07:30:22 GMT" time="405.146" errors="0">
  <testcase name="verifyLinkTest" time="127.347" classname="com.yourcompany.Tests.FollowLinkTest"/>
  <testcase name="verifyLinkTest" time="47.626" classname="com.yourcompany.Tests.FollowLinkTest"/>
  <testcase name="verifyLinkTest" time="123.636" classname="com.yourcompany.Tests.FollowLinkTest"/>
  <testcase name="verifyLinkTest" time="27.849" classname="com.yourcompany.Tests.FollowLinkTest"/>
  <testcase name="verifyLinkTest" time="49.926" classname="com.yourcompany.Tests.FollowLinkTest"/>
  <testcase name="verifyLinkTest" time="28.762" classname="com.yourcompany.Tests.FollowLinkTest"/>
</testsuite> <!-- com.yourcompany.Tests.FollowLinkTest -->
